<?xml version="1.0" encoding="UTF-8"?>
<!-- Generated by org.testng.reporters.JUnitXMLReporter -->
<testsuite hostname="Pattys-MacBook-Pro-3.local" ignored="0" name="iOS" tests="4" failures="0" timestamp="24 ago 2022 18:52:13 GMT" time="88.015" errors="0">
  <testcase name="test_add_task" time="31.553" classname="tests.iOS_Todo_Test"/>
  <testcase name="test_add_task" time="27.733" classname="tests.iOS_Todo_Test"/>
  <testcase name="test_add_task2" time="71.32" classname="tests.iOS_Todo_Test"/>
  <testcase name="test_add_task2" time="16.372" classname="tests.iOS_Todo_Test"/>
</testsuite> <!-- iOS -->
