<?xml version="1.0" encoding="UTF-8"?>
<testsuite xmlns:xsi="http://www.w3.org/2001/XMLSchema-instance" xsi:noNamespaceSchemaLocation="https://maven.apache.org/surefire/maven-surefire-plugin/xsd/surefire-test-report.xsd" name="TestSuite" time="88.564" tests="4" errors="0" skipped="0" failures="0">
  <properties>
[...]
</properties>
  <testcase name="test_add_task" classname="tests.iOS_Todo_Test" time="31.564"/>
  <testcase name="test_add_task" classname="tests.iOS_Todo_Test" time="27.72"/>
  <testcase name="test_add_task2" classname="tests.iOS_Todo_Test" time="39.751"/>
  <testcase name="test_add_task2" classname="tests.iOS_Todo_Test" time="16.371"/>
</testsuite>