<?xml version="1.0" encoding="UTF-8"?>
<testng-results skipped="0" failed="0" ignored="0" total="4" passed="4">
  <reporter-output>
  </reporter-output>
  <suite name="Suite" duration-ms="88015" started-at="2022-08-24T18:50:45Z" finished-at="2022-08-24T18:52:13Z">
    <groups>
      <group name="cucumber">
        <method signature="AbstractTestNGCucumberTests.runScenario(io.cucumber.testng.PickleWrapper, io.cucumber.testng.FeatureWrapper)[pri:0, instance:tests.iOS_Todo_Test@5b87ed94]" name="runScenario" class="io.cucumber.testng.AbstractTestNGCucumberTests"/>
      </group> <!-- cucumber -->
    </groups>
    <test name="iOS" duration-ms="88015" started-at="2022-08-24T18:50:45Z" finished-at="2022-08-24T18:52:13Z">
      <class name="tests.iOS_Todo_Test">
        <test-method status="PASS" signature="setUpClass()[pri:0, instance:tests.iOS_Todo_Test@5b87ed94]" name="setUpClass" is-config="true" duration-ms="273" started-at="2022-08-24T18:50:45Z" finished-at="2022-08-24T18:50:45Z">
          <reporter-output>
          </reporter-output>
        </test-method> <!-- setUpClass -->
        <test-method status="PASS" signature="test_add_task(java.lang.String, java.lang.String)[pri:0, instance:tests.iOS_Todo_Test@5b87ed94]" name="test_add_task" duration-ms="31553" started-at="2022-08-24T18:50:45Z" data-provider="tasks data" finished-at="2022-08-24T18:51:17Z">
          <params>
            <param index="0">
              <value>
                <![CDATA[Finishing Appium Course]]>
              </value>
            </param>
            <param index="1">
              <value>
                <![CDATA[Need to finish my course ASAP]]>
              </value>
            </param>
          </params>
          <reporter-output>
          </reporter-output>
        </test-method> <!-- test_add_task -->
        <test-method status="PASS" signature="test_add_task2(java.lang.String, java.lang.String)[pri:0, instance:tests.iOS_Todo_Test@5b87ed94]" name="test_add_task2" duration-ms="71320" started-at="2022-08-24T18:50:45Z" data-provider="tasks data" finished-at="2022-08-24T18:51:56Z">
          <params>
            <param index="0">
              <value>
                <![CDATA[Finishing Appium Course]]>
              </value>
            </param>
            <param index="1">
              <value>
                <![CDATA[Need to finish my course ASAP]]>
              </value>
            </param>
          </params>
          <reporter-output>
          </reporter-output>
        </test-method> <!-- test_add_task2 -->
        <test-method status="PASS" signature="test_add_task(java.lang.String, java.lang.String)[pri:0, instance:tests.iOS_Todo_Test@5b87ed94]" name="test_add_task" duration-ms="27733" started-at="2022-08-24T18:51:17Z" data-provider="tasks data" finished-at="2022-08-24T18:51:44Z">
          <params>
            <param index="0">
              <value>
                <![CDATA[Start Learning Espresso]]>
              </value>
            </param>
            <param index="1">
              <value>
                <![CDATA[Need check the new course]]>
              </value>
            </param>
          </params>
          <reporter-output>
          </reporter-output>
        </test-method> <!-- test_add_task -->
        <test-method status="PASS" signature="test_add_task2(java.lang.String, java.lang.String)[pri:0, instance:tests.iOS_Todo_Test@5b87ed94]" name="test_add_task2" duration-ms="16372" started-at="2022-08-24T18:51:56Z" data-provider="tasks data" finished-at="2022-08-24T18:52:13Z">
          <params>
            <param index="0">
              <value>
                <![CDATA[Start Learning Espresso]]>
              </value>
            </param>
            <param index="1">
              <value>
                <![CDATA[Need check the new course]]>
              </value>
            </param>
          </params>
          <reporter-output>
          </reporter-output>
        </test-method> <!-- test_add_task2 -->
        <test-method status="PASS" signature="tearDownClass()[pri:0, instance:tests.iOS_Todo_Test@5b87ed94]" name="tearDownClass" is-config="true" duration-ms="19" started-at="2022-08-24T18:52:13Z" finished-at="2022-08-24T18:52:13Z">
          <reporter-output>
          </reporter-output>
        </test-method> <!-- tearDownClass -->
      </class> <!-- tests.iOS_Todo_Test -->
    </test> <!-- iOS -->
  </suite> <!-- Suite -->
</testng-results>
